#
# There is insufficient memory for the Java Runtime Environment to continue.
# Native memory allocation (malloc) failed to allocate 509392 bytes for Chunk::new
# Possible reasons:
#   The system is out of physical RAM or swap space
#   In 32 bit mode, the process size limit was hit
# Possible solutions:
#   Reduce memory load on the system
#   Increase physical memory or swap space
#   Check if swap backing store is full
#   Use 64 bit Java on a 64 bit OS
#   Decrease Java heap size (-Xmx/-Xms)
#   Decrease number of Java threads
#   Decrease Java thread stack sizes (-Xss)
#   Set larger code cache with -XX:ReservedCodeCacheSize=
# This output file may be truncated or incomplete.
#
#  Out of Memory Error (allocation.cpp:323), pid=8884, tid=4108
#
# JRE version: Java(TM) SE Runtime Environment (7.0_45-b18) (build 1.7.0_45-b18)
# Java VM: Java HotSpot(TM) 64-Bit Server VM (24.45-b08 mixed mode windows-amd64 compressed oops)
# Failed to write core dump. Minidumps are not enabled by default on client versions of Windows
#

---------------  T H R E A D  ---------------

Current thread (0x0000000008221800):  JavaThread "C2 CompilerThread1" daemon [_thread_in_native, id=4108, stack(0x00000000099a0000,0x0000000009aa0000)]

Stack: [0x00000000099a0000,0x0000000009aa0000]

Current CompileTask:
C2:   2063  289   !         com.android.dx.cf.code.BytecodeArray::parseInstruction (2764 bytes)


---------------  P R O C E S S  ---------------

Java Threads: ( => current thread )
  0x000000000822b800 JavaThread "Service Thread" daemon [_thread_blocked, id=3800, stack(0x0000000009c60000,0x0000000009d60000)]
=>0x0000000008221800 JavaThread "C2 CompilerThread1" daemon [_thread_in_native, id=4108, stack(0x00000000099a0000,0x0000000009aa0000)]
  0x000000000821f000 JavaThread "C2 CompilerThread0" daemon [_thread_in_native, id=6156, stack(0x0000000009b20000,0x0000000009c20000)]
  0x000000000821e000 JavaThread "Attach Listener" daemon [_thread_blocked, id=7820, stack(0x0000000009860000,0x0000000009960000)]
  0x0000000008217000 JavaThread "Signal Dispatcher" daemon [_thread_blocked, id=5620, stack(0x0000000009230000,0x0000000009330000)]
  0x00000000081c0800 JavaThread "Finalizer" daemon [_thread_blocked, id=8408, stack(0x00000000096a0000,0x00000000097a0000)]
  0x00000000081bd000 JavaThread "Reference Handler" daemon [_thread_blocked, id=6108, stack(0x0000000009550000,0x0000000009650000)]
  0x0000000001dbe000 JavaThread "main" [_thread_in_Java, id=3280, stack(0x00000000021f0000,0x00000000022f0000)]

Other Threads:
  0x00000000081b7800 VMThread [stack: 0x0000000009390000,0x0000000009490000] [id=8660]
  0x0000000008238000 WatcherThread [stack: 0x0000000009d60000,0x0000000009e60000] [id=8012]

VM state:not at safepoint (normal execution)

VM Mutex/Monitor currently owned by a thread: None

Heap
 PSYoungGen      total 33792K, used 26860K [0x00000000eaa80000, 0x00000000ed000000, 0x0000000100000000)
  eden space 29184K, 76% used [0x00000000eaa80000,0x00000000ec03c780,0x00000000ec700000)
  from space 4608K, 99% used [0x00000000ec700000,0x00000000ecb7eaa8,0x00000000ecb80000)
  to   space 4608K, 0% used [0x00000000ecb80000,0x00000000ecb80000,0x00000000ed000000)
 ParOldGen       total 75776K, used 1721K [0x00000000c0000000, 0x00000000c4a00000, 0x00000000eaa80000)
  object space 75776K, 2% used [0x00000000c0000000,0x00000000c01ae7e8,0x00000000c4a00000)
 PSPermGen       total 21504K, used 5534K [0x00000000bae00000, 0x00000000bc300000, 0x00000000c0000000)
  object space 21504K, 25% used [0x00000000bae00000,0x00000000bb367ab8,0x00000000bc300000)

Card table byte_map: [0x00000000052f0000,0x0000000005520000] byte_map_base: 0x0000000004d19000

Polling page: 0x0000000000210000

Code Cache  [0x00000000022f0000, 0x0000000002560000, 0x00000000052f0000)
 total_blobs=526 nmethods=292 adapters=186 free_code_cache=48025Kb largest_free_block=49137600

Compilation events (10 events):
Event: 1.905 Thread 0x0000000008221800 nmethod 288 0x00000000023fda50 code [0x00000000023fdba0, 0x00000000023fdd58]
Event: 1.905 Thread 0x0000000008221800  289   !         com.android.dx.cf.code.BytecodeArray::parseInstruction (2764 bytes)
Event: 2.042 Thread 0x000000000821f000 nmethod 284 0x000000000240a990 code [0x000000000240aea0, 0x000000000240e348]
Event: 2.044 Thread 0x000000000821f000  290             com.android.dx.cf.code.ByteOps::opInfo (6 bytes)
Event: 2.044 Thread 0x000000000821f000 nmethod 290 0x00000000023fb390 code [0x00000000023fb4c0, 0x00000000023fb518]
Event: 2.044 Thread 0x000000000821f000  291             com.android.dx.cf.code.RopperMachine::jopToRopOpcode (1103 bytes)
Event: 2.060 Thread 0x000000000821f000 nmethod 291 0x0000000002408e90 code [0x0000000002409800, 0x000000000240a0d8]
Event: 2.060 Thread 0x000000000821f000  292             com.android.dx.ssa.SsaMethod::blockIndexToRopLabel (21 bytes)
Event: 2.062 Thread 0x000000000821f000 nmethod 292 0x00000000023fd2d0 code [0x00000000023fd420, 0x00000000023fd4f8]
Event: 2.062 Thread 0x000000000821f000  293             com.android.dx.ssa.SCCP::addUsersToWorklist (103 bytes)

GC Heap History (2 events):
Event: 1.502 GC heap before
{Heap before GC invocations=1 (full 0):
 PSYoungGen      total 33792K, used 29184K [0x00000000eaa80000, 0x00000000ed000000, 0x0000000100000000)
  eden space 29184K, 100% used [0x00000000eaa80000,0x00000000ec700000,0x00000000ec700000)
  from space 4608K, 0% used [0x00000000ecb80000,0x00000000ecb80000,0x00000000ed000000)
  to   space 4608K, 0% used [0x00000000ec700000,0x00000000ec700000,0x00000000ecb80000)
 ParOldGen       total 75776K, used 0K [0x00000000c0000000, 0x00000000c4a00000, 0x00000000eaa80000)
  object space 75776K, 0% used [0x00000000c0000000,0x00000000c0000000,0x00000000c4a00000)
 PSPermGen       total 21504K, used 5479K [0x00000000bae00000, 0x00000000bc300000, 0x00000000c0000000)
  object space 21504K, 25% used [0x00000000bae00000,0x00000000bb359c58,0x00000000bc300000)
Event: 1.515 GC heap after
Heap after GC invocations=1 (full 0):
 PSYoungGen      total 33792K, used 4602K [0x00000000eaa80000, 0x00000000ed000000, 0x0000000100000000)
  eden space 29184K, 0% used [0x00000000eaa80000,0x00000000eaa80000,0x00000000ec700000)
  from space 4608K, 99% used [0x00000000ec700000,0x00000000ecb7eaa8,0x00000000ecb80000)
  to   space 4608K, 0% used [0x00000000ecb80000,0x00000000ecb80000,0x00000000ed000000)
 ParOldGen       total 75776K, used 1721K [0x00000000c0000000, 0x00000000c4a00000, 0x00000000eaa80000)
  object space 75776K, 2% used [0x00000000c0000000,0x00000000c01ae7e8,0x00000000c4a00000)
 PSPermGen       total 21504K, used 5479K [0x00000000bae00000, 0x00000000bc300000, 0x00000000c0000000)
  object space 21504K, 25% used [0x00000000bae00000,0x00000000bb359c58,0x00000000bc300000)
}

Deoptimization events (10 events):
Event: 1.122 Thread 0x0000000001dbe000 Uncommon trap: reason=class_check action=maybe_recompile pc=0x0000000002374230 method=com.android.dx.ssa.NormalSsaInsn.accept(Lcom/android/dx/ssa/SsaInsn$Visitor;)V @ 9
Event: 1.122 Thread 0x0000000001dbe000 Uncommon trap: reason=class_check action=maybe_recompile pc=0x0000000002374230 method=com.android.dx.ssa.NormalSsaInsn.accept(Lcom/android/dx/ssa/SsaInsn$Visitor;)V @ 9
Event: 1.123 Thread 0x0000000001dbe000 Uncommon trap: reason=class_check action=maybe_recompile pc=0x0000000002374230 method=com.android.dx.ssa.NormalSsaInsn.accept(Lcom/android/dx/ssa/SsaInsn$Visitor;)V @ 9
Event: 1.123 Thread 0x0000000001dbe000 Uncommon trap: reason=class_check action=maybe_recompile pc=0x000000000236482c method=com.android.dx.ssa.NormalSsaInsn.accept(Lcom/android/dx/ssa/SsaInsn$Visitor;)V @ 9
Event: 1.433 Thread 0x0000000001dbe000 Uncommon trap: reason=null_check action=make_not_entrant pc=0x00000000023aeaac method=com.android.dx.ssa.SsaRenamer.getLocalForNewReg(I)Lcom/android/dx/rop/code/LocalItem; @ 19
Event: 1.459 Thread 0x0000000001dbe000 Uncommon trap: reason=null_check action=make_not_entrant pc=0x00000000023bad58 method=com.android.dx.rop.type.Type.putIntern(Lcom/android/dx/rop/type/Type;)Lcom/android/dx/rop/type/Type; @ 18
Event: 1.526 Thread 0x0000000001dbe000 Uncommon trap: reason=unreached action=reinterpret pc=0x000000000236dfc4 method=com.android.dx.rop.cst.Constant.compareTo(Lcom/android/dx/rop/cst/Constant;)I @ 12
Event: 1.862 Thread 0x0000000001dbe000 Uncommon trap: reason=unreached action=reinterpret pc=0x00000000023a6360 method=com.android.dx.ssa.LocalVariableExtractor.processBlock(I)V @ 251
Event: 1.885 Thread 0x0000000001dbe000 Uncommon trap: reason=unreached action=reinterpret pc=0x00000000023cf990 method=com.android.dx.rop.code.LocalVariableExtractor.processBlock(I)V @ 195
Event: 1.941 Thread 0x0000000001dbe000 Uncommon trap: reason=null_check action=make_not_entrant pc=0x00000000023a30d0 method=com.android.dx.rop.type.Type.equals(Ljava/lang/Object;)Z @ 8

Internal exceptions (10 events):
Event: 1.162 Thread 0x0000000001dbe000 Threw 0x00000000ebc70b40 at C:\re\jdk7u45\229\hotspot\src\share\vm\prims\jvm.cpp:1244
Event: 1.163 Thread 0x0000000001dbe000 Threw 0x00000000ebc730b0 at C:\re\jdk7u45\229\hotspot\src\share\vm\prims\jvm.cpp:1244
Event: 1.165 Thread 0x0000000001dbe000 Threw 0x00000000ebc89160 at C:\re\jdk7u45\229\hotspot\src\share\vm\prims\jvm.cpp:1244
Event: 1.166 Thread 0x0000000001dbe000 Threw 0x00000000ebc8e9e8 at C:\re\jdk7u45\229\hotspot\src\share\vm\prims\jvm.cpp:1244
Event: 1.166 Thread 0x0000000001dbe000 Threw 0x00000000ebc93f30 at C:\re\jdk7u45\229\hotspot\src\share\vm\prims\jvm.cpp:1244
Event: 1.345 Thread 0x0000000001dbe000 Threw 0x00000000ec18f270 at C:\re\jdk7u45\229\hotspot\src\share\vm\prims\jvm.cpp:1244
Event: 1.433 Thread 0x0000000001dbe000 Implicit null exception at 0x00000000023ad958 to 0x00000000023aea7d
Event: 1.459 Thread 0x0000000001dbe000 Implicit null exception at 0x00000000023ba677 to 0x00000000023bad49
Event: 1.600 Thread 0x0000000001dbe000 Threw 0x00000000eaee2c30 at C:\re\jdk7u45\229\hotspot\src\share\vm\prims\jvm.cpp:1244
Event: 1.941 Thread 0x0000000001dbe000 Implicit null exception at 0x00000000023a2fd2 to 0x00000000023a30c2

Events (10 events):
Event: 1.600 loading class 0x0000000009e6dfd0 done
Event: 1.862 Thread 0x0000000001dbe000 Uncommon trap: trap_request=0xffffffad fr.pc=0x00000000023a6360
Event: 1.862 Thread 0x0000000001dbe000 DEOPT PACKING pc=0x00000000023a6360 sp=0x00000000022ee710
Event: 1.862 Thread 0x0000000001dbe000 DEOPT UNPACKING pc=0x00000000023275a4 sp=0x00000000022ee690 mode 2
Event: 1.885 Thread 0x0000000001dbe000 Uncommon trap: trap_request=0xffffffad fr.pc=0x00000000023cf990
Event: 1.885 Thread 0x0000000001dbe000 DEOPT PACKING pc=0x00000000023cf990 sp=0x00000000022ee880
Event: 1.885 Thread 0x0000000001dbe000 DEOPT UNPACKING pc=0x00000000023275a4 sp=0x00000000022ee820 mode 2
Event: 1.941 Thread 0x0000000001dbe000 Uncommon trap: trap_request=0xfffffff4 fr.pc=0x00000000023a30d0
Event: 1.941 Thread 0x0000000001dbe000 DEOPT PACKING pc=0x00000000023a30d0 sp=0x00000000022ee4e0
Event: 1.941 Thread 0x0000000001dbe000 DEOPT UNPACKING pc=0x00000000023275a4 sp=0x00000000022ee478 mode 2


Dynamic libraries:
0x000000013f6d0000 - 0x000000013f703000 	C:\Program Files\Java\jdk1.7.0_45\bin\java.exe
0x0000000077b70000 - 0x0000000077d18000 	C:\Windows\SYSTEM32\ntdll.dll
0x0000000077a50000 - 0x0000000077b6f000 	C:\Windows\system32\kernel32.dll
0x000007fefda70000 - 0x000007fefdadc000 	C:\Windows\system32\KERNELBASE.dll
0x000007feff4f0000 - 0x000007feff5cb000 	C:\Windows\system32\ADVAPI32.dll
0x000007fefe420000 - 0x000007fefe4bf000 	C:\Windows\system32\msvcrt.dll
0x000007fefe2d0000 - 0x000007fefe2ef000 	C:\Windows\SYSTEM32\sechost.dll
0x000007feffcd0000 - 0x000007feffdfd000 	C:\Windows\system32\RPCRT4.dll
0x0000000077950000 - 0x0000000077a4a000 	C:\Windows\system32\USER32.dll
0x000007fefe2f0000 - 0x000007fefe357000 	C:\Windows\system32\GDI32.dll
0x000007fefdcf0000 - 0x000007fefdcfe000 	C:\Windows\system32\LPK.dll
0x000007feffc00000 - 0x000007feffcc9000 	C:\Windows\system32\USP10.dll
0x000007fefc390000 - 0x000007fefc584000 	C:\Windows\WinSxS\amd64_microsoft.windows.common-controls_6595b64144ccf1df_6.0.7601.17514_none_fa396087175ac9ac\COMCTL32.dll
0x000007feffe00000 - 0x000007feffe71000 	C:\Windows\system32\SHLWAPI.dll
0x000007fefe4c0000 - 0x000007fefe4ee000 	C:\Windows\system32\IMM32.DLL
0x000007feff280000 - 0x000007feff389000 	C:\Windows\system32\MSCTF.dll
0x000000005b1d0000 - 0x000000005b2a2000 	C:\Program Files\Java\jdk1.7.0_45\jre\bin\msvcr100.dll
0x000000005d050000 - 0x000000005d819000 	C:\Program Files\Java\jdk1.7.0_45\jre\bin\server\jvm.dll
0x000007fef9e50000 - 0x000007fef9e59000 	C:\Windows\system32\WSOCK32.dll
0x000007fefdd00000 - 0x000007fefdd4d000 	C:\Windows\system32\WS2_32.dll
0x000007feff5d0000 - 0x000007feff5d8000 	C:\Windows\system32\NSI.dll
0x000007fefb6f0000 - 0x000007fefb72b000 	C:\Windows\system32\WINMM.dll
0x0000000077d30000 - 0x0000000077d37000 	C:\Windows\system32\PSAPI.DLL
0x0000000074460000 - 0x000000007446f000 	C:\Program Files\Java\jdk1.7.0_45\jre\bin\verify.dll
0x0000000065bb0000 - 0x0000000065bd8000 	C:\Program Files\Java\jdk1.7.0_45\jre\bin\java.dll
0x0000000072530000 - 0x0000000072545000 	C:\Program Files\Java\jdk1.7.0_45\jre\bin\zip.dll
0x000000006e690000 - 0x000000006e6a9000 	C:\Program Files\Java\jdk1.7.0_45\jre\bin\net.dll
0x000007fefd0d0000 - 0x000007fefd125000 	C:\Windows\system32\mswsock.dll
0x000007fefd0c0000 - 0x000007fefd0c7000 	C:\Windows\System32\wship6.dll
0x0000000065840000 - 0x0000000065851000 	C:\Program Files\Java\jdk1.7.0_45\jre\bin\nio.dll

VM Arguments:
jvm_args: -Xmx1024M -Dfile.encoding=windows-1252 -Duser.country=US -Duser.language=en -Duser.variant 
java_command: com.android.dx.command.Main --dex --output E:\SLIIT\Year 03\SEP-I\KnowYourDoctor_2015_05_09_Edited\KnowYourDoctor\app\build\intermediates\pre-dexed\debug\classes-58ab5f842b5ee9dcf50e9b67bf80d74af6631ca5.jar E:\SLIIT\Year 03\SEP-I\KnowYourDoctor_2015_05_09_Edited\KnowYourDoctor\app\build\intermediates\exploded-aar\com.android.support\support-v4\22.0.0\classes.jar
Launcher Type: SUN_STANDARD

Environment Variables:
CLASSPATH=C:\Program Files\Java\jdk1.7.0_45\bin;C:\Program Files\Java\jdk1.7.0_45\bin;C:\Program Files\Java\jre7\lib\ext\QTJava.zip;
PATH=C:\ProgramData\Oracle\Java\javapath;C:\Program Files (x86)\PC Connectivity Solution\;C:\Program Files\Common Files\Microsoft Shared\Windows Live;C:\Program Files (x86)\NVIDIA Corporation\PhysX\Common;C:\Windows\system32;C:\Windows;C:\Windows\System32\Wbem;C:\Windows\System32\WindowsPowerShell\v1.0\;C:\Program Files\Internet Explorer;C:\Program Files (x86)\Microsoft SQL Server\100\Tools\Binn\;C:\Program Files\Microsoft SQL Server\100\Tools\Binn\;C:\Program Files\Microsoft SQL Server\100\DTS\Binn\;C:\Program Files (x86)\Microsoft SQL Server\100\Tools\Binn\VSShell\Common7\IDE\;C:\Program Files (x86)\Microsoft SQL Server\100\DTS\Binn\;C:\Program Files (x86)\Microsoft Visual Studio 9.0\Common7\IDE\PrivateAssemblies\;C:\Program Files\Java\jdk1.7.0_45\bin;C:\Program Files\Common Files\Autodesk Shared\;F:\Software\MySql\Installation\MySQL Utilities 1.3.6\;C:\Program Files (x86)\Windows Kits\8.1\Windows Performance Toolkit\;C:\Program Files\Microsoft SQL Server\110\Tools\Binn\;C:\Program Files (x86)\Skype\Phone\;F:\Software\OpenSSL X64\bin;C:\Program Files (x86)\Java\jre1.8.0_31\bin
USERNAME=Aden
OS=Windows_NT
PROCESSOR_IDENTIFIER=Intel64 Family 6 Model 42 Stepping 7, GenuineIntel



---------------  S Y S T E M  ---------------

OS: Windows 7 , 64 bit Build 7601 Service Pack 1

CPU:total 4 (2 cores per cpu, 2 threads per core) family 6 model 42 stepping 7, cmov, cx8, fxsr, mmx, sse, sse2, sse3, ssse3, sse4.1, sse4.2, popcnt, avx, ht, tsc, tscinvbit

Memory: 4k page, physical 7289792k(1001820k free), swap 9098864k(7024k free)

vm_info: Java HotSpot(TM) 64-Bit Server VM (24.45-b08) for windows-amd64 JRE (1.7.0_45-b18), built on Oct  8 2013 05:47:22 by "java_re" with unknown MS VC++:1600

time: Sat May 09 22:01:13 2015
elapsed time: 2 seconds

