#
# There is insufficient memory for the Java Runtime Environment to continue.
# Native memory allocation (malloc) failed to allocate 32744 bytes for ChunkPool::allocate
# Possible reasons:
#   The system is out of physical RAM or swap space
#   In 32 bit mode, the process size limit was hit
# Possible solutions:
#   Reduce memory load on the system
#   Increase physical memory or swap space
#   Check if swap backing store is full
#   Use 64 bit Java on a 64 bit OS
#   Decrease Java heap size (-Xmx/-Xms)
#   Decrease number of Java threads
#   Decrease Java thread stack sizes (-Xss)
#   Set larger code cache with -XX:ReservedCodeCacheSize=
# This output file may be truncated or incomplete.
#
#  Out of Memory Error (allocation.cpp:211), pid=7816, tid=6420
#
# JRE version: Java(TM) SE Runtime Environment (7.0_45-b18) (build 1.7.0_45-b18)
# Java VM: Java HotSpot(TM) 64-Bit Server VM (24.45-b08 mixed mode windows-amd64 compressed oops)
# Failed to write core dump. Minidumps are not enabled by default on client versions of Windows
#

---------------  T H R E A D  ---------------

Current thread (0x0000000008499800):  JavaThread "C2 CompilerThread0" daemon [_thread_in_native, id=6420, stack(0x0000000009b40000,0x0000000009c40000)]

Stack: [0x0000000009b40000,0x0000000009c40000]

Current CompileTask:
C2:   1702  246             com.android.dx.ssa.SCCP::simulateStmt (481 bytes)


---------------  P R O C E S S  ---------------

Java Threads: ( => current thread )
  0x00000000084a5800 JavaThread "Service Thread" daemon [_thread_blocked, id=5104, stack(0x0000000009de0000,0x0000000009ee0000)]
  0x00000000084a4000 JavaThread "C2 CompilerThread1" daemon [_thread_in_native, id=4604, stack(0x0000000009cc0000,0x0000000009dc0000)]
=>0x0000000008499800 JavaThread "C2 CompilerThread0" daemon [_thread_in_native, id=6420, stack(0x0000000009b40000,0x0000000009c40000)]
  0x0000000008499000 JavaThread "Attach Listener" daemon [_thread_blocked, id=7624, stack(0x00000000097f0000,0x00000000098f0000)]
  0x0000000008492000 JavaThread "Signal Dispatcher" daemon [_thread_blocked, id=3356, stack(0x00000000098f0000,0x00000000099f0000)]
  0x0000000008449800 JavaThread "Finalizer" daemon [_thread_blocked, id=9032, stack(0x00000000096e0000,0x00000000097e0000)]
  0x0000000008440800 JavaThread "Reference Handler" daemon [_thread_blocked, id=6656, stack(0x00000000094c0000,0x00000000095c0000)]
  0x000000000200e000 JavaThread "main" [_thread_in_Java, id=7940, stack(0x00000000022d0000,0x00000000023d0000)]

Other Threads:
  0x000000000843d800 VMThread [stack: 0x00000000092c0000,0x00000000093c0000] [id=5604]
  0x00000000084b1800 WatcherThread [stack: 0x0000000009fd0000,0x000000000a0d0000] [id=5344]

VM state:not at safepoint (normal execution)

VM Mutex/Monitor currently owned by a thread: None

Heap
 PSYoungGen      total 33792K, used 15699K [0x00000000eaa80000, 0x00000000ed000000, 0x0000000100000000)
  eden space 29184K, 38% used [0x00000000eaa80000,0x00000000eb555e80,0x00000000ec700000)
  from space 4608K, 99% used [0x00000000ec700000,0x00000000ecb7f0e0,0x00000000ecb80000)
  to   space 4608K, 0% used [0x00000000ecb80000,0x00000000ecb80000,0x00000000ed000000)
 ParOldGen       total 75776K, used 1402K [0x00000000c0000000, 0x00000000c4a00000, 0x00000000eaa80000)
  object space 75776K, 1% used [0x00000000c0000000,0x00000000c015e918,0x00000000c4a00000)
 PSPermGen       total 21504K, used 5520K [0x00000000bae00000, 0x00000000bc300000, 0x00000000c0000000)
  object space 21504K, 25% used [0x00000000bae00000,0x00000000bb3643e0,0x00000000bc300000)

Card table byte_map: [0x00000000053d0000,0x0000000005600000] byte_map_base: 0x0000000004df9000

Polling page: 0x0000000000110000

Code Cache  [0x00000000023d0000, 0x0000000002640000, 0x00000000053d0000)
 total_blobs=478 nmethods=244 adapters=186 free_code_cache=48173Kb largest_free_block=49310848

Compilation events (10 events):
Event: 1.686 Thread 0x0000000008499800 nmethod 241 0x00000000024c3550 code [0x00000000024c36a0, 0x00000000024c3778]
Event: 1.686 Thread 0x0000000008499800  242             com.android.dx.cf.code.Frame::getStack (5 bytes)
Event: 1.686 Thread 0x0000000008499800 nmethod 242 0x00000000024c3350 code [0x00000000024c3480, 0x00000000024c34d8]
Event: 1.686 Thread 0x0000000008499800  243             com.android.dx.ssa.SsaMethod$2::visitNonMoveInsn (6 bytes)
Event: 1.687 Thread 0x0000000008499800 nmethod 243 0x00000000024c89d0 code [0x00000000024c8b20, 0x00000000024c8b88]
Event: 1.687 Thread 0x0000000008499800  244             com.android.dx.ssa.SsaMethod$1::visitNonMoveInsn (26 bytes)
Event: 1.688 Thread 0x0000000008499800 nmethod 244 0x00000000024c8c10 code [0x00000000024c8d60, 0x00000000024c8e58]
Event: 1.688 Thread 0x0000000008499800  245             com.android.dx.rop.cst.CstString::compareTo0 (15 bytes)
Event: 1.688 Thread 0x0000000008499800 nmethod 245 0x00000000024c8fd0 code [0x00000000024c9120, 0x00000000024c9298]
Event: 1.688 Thread 0x0000000008499800  246             com.android.dx.ssa.SCCP::simulateStmt (481 bytes)

GC Heap History (2 events):
Event: 1.344 GC heap before
{Heap before GC invocations=1 (full 0):
 PSYoungGen      total 33792K, used 29184K [0x00000000eaa80000, 0x00000000ed000000, 0x0000000100000000)
  eden space 29184K, 100% used [0x00000000eaa80000,0x00000000ec700000,0x00000000ec700000)
  from space 4608K, 0% used [0x00000000ecb80000,0x00000000ecb80000,0x00000000ed000000)
  to   space 4608K, 0% used [0x00000000ec700000,0x00000000ec700000,0x00000000ecb80000)
 ParOldGen       total 75776K, used 0K [0x00000000c0000000, 0x00000000c4a00000, 0x00000000eaa80000)
  object space 75776K, 0% used [0x00000000c0000000,0x00000000c0000000,0x00000000c4a00000)
 PSPermGen       total 21504K, used 5492K [0x00000000bae00000, 0x00000000bc300000, 0x00000000c0000000)
  object space 21504K, 25% used [0x00000000bae00000,0x00000000bb35d0e8,0x00000000bc300000)
Event: 1.350 GC heap after
Heap after GC invocations=1 (full 0):
 PSYoungGen      total 33792K, used 4604K [0x00000000eaa80000, 0x00000000ed000000, 0x0000000100000000)
  eden space 29184K, 0% used [0x00000000eaa80000,0x00000000eaa80000,0x00000000ec700000)
  from space 4608K, 99% used [0x00000000ec700000,0x00000000ecb7f0e0,0x00000000ecb80000)
  to   space 4608K, 0% used [0x00000000ecb80000,0x00000000ecb80000,0x00000000ed000000)
 ParOldGen       total 75776K, used 1402K [0x00000000c0000000, 0x00000000c4a00000, 0x00000000eaa80000)
  object space 75776K, 1% used [0x00000000c0000000,0x00000000c015e918,0x00000000c4a00000)
 PSPermGen       total 21504K, used 5492K [0x00000000bae00000, 0x00000000bc300000, 0x00000000c0000000)
  object space 21504K, 25% used [0x00000000bae00000,0x00000000bb35d0e8,0x00000000bc300000)
}

Deoptimization events (10 events):
Event: 1.048 Thread 0x000000000200e000 Uncommon trap: reason=unreached action=reinterpret pc=0x0000000002446304 method=com.android.dx.rop.cst.Constant.compareTo(Lcom/android/dx/rop/cst/Constant;)I @ 12
Event: 1.231 Thread 0x000000000200e000 Uncommon trap: reason=unreached action=reinterpret pc=0x000000000248ad24 method=com.android.dx.ssa.SsaRenamer$BlockRenamer.process()V @ 90
Event: 1.231 Thread 0x000000000200e000 Uncommon trap: reason=class_check action=maybe_recompile pc=0x000000000245c924 method=com.android.dx.ssa.NormalSsaInsn.accept(Lcom/android/dx/ssa/SsaInsn$Visitor;)V @ 9
Event: 1.231 Thread 0x000000000200e000 Uncommon trap: reason=class_check action=maybe_recompile pc=0x000000000245c924 method=com.android.dx.ssa.NormalSsaInsn.accept(Lcom/android/dx/ssa/SsaInsn$Visitor;)V @ 9
Event: 1.231 Thread 0x000000000200e000 Uncommon trap: reason=class_check action=maybe_recompile pc=0x000000000245c924 method=com.android.dx.ssa.NormalSsaInsn.accept(Lcom/android/dx/ssa/SsaInsn$Visitor;)V @ 9
Event: 1.232 Thread 0x000000000200e000 Uncommon trap: reason=class_check action=maybe_recompile pc=0x0000000002444a34 method=com.android.dx.ssa.NormalSsaInsn.accept(Lcom/android/dx/ssa/SsaInsn$Visitor;)V @ 9
Event: 1.308 Thread 0x000000000200e000 Uncommon trap: reason=class_check action=maybe_recompile pc=0x00000000024937e0 method=java.util.HashMap.put(Ljava/lang/Object;Ljava/lang/Object;)Ljava/lang/Object; @ 83
Event: 1.308 Thread 0x000000000200e000 Uncommon trap: reason=class_check action=maybe_recompile pc=0x00000000024937e0 method=java.util.HashMap.put(Ljava/lang/Object;Ljava/lang/Object;)Ljava/lang/Object; @ 83
Event: 1.477 Thread 0x000000000200e000 Uncommon trap: reason=class_check action=maybe_recompile pc=0x00000000024937e0 method=java.util.HashMap.put(Ljava/lang/Object;Ljava/lang/Object;)Ljava/lang/Object; @ 83
Event: 1.654 Thread 0x000000000200e000 Uncommon trap: reason=null_check action=make_not_entrant pc=0x00000000024c08f8 method=com.android.dx.ssa.SsaRenamer.getLocalForNewReg(I)Lcom/android/dx/rop/code/LocalItem; @ 19

Internal exceptions (10 events):
Event: 0.668 Thread 0x000000000200e000 Threw 0x00000000eb420130 at C:\re\jdk7u45\229\hotspot\src\share\vm\prims\jvm.cpp:1244
Event: 0.742 Thread 0x000000000200e000 Threw 0x00000000eb562498 at C:\re\jdk7u45\229\hotspot\src\share\vm\prims\jvm.cpp:1244
Event: 0.815 Thread 0x000000000200e000 Threw 0x00000000eb6a95a8 at C:\re\jdk7u45\229\hotspot\src\share\vm\prims\jvm.cpp:1244
Event: 0.860 Thread 0x000000000200e000 Implicit null exception at 0x000000000244fbe8 to 0x000000000244ff19
Event: 0.880 Thread 0x000000000200e000 Threw 0x00000000eb859cb8 at C:\re\jdk7u45\229\hotspot\src\share\vm\prims\jvm.cpp:1244
Event: 0.881 Thread 0x000000000200e000 Threw 0x00000000eb8602a0 at C:\re\jdk7u45\229\hotspot\src\share\vm\prims\jvm.cpp:1244
Event: 1.001 Thread 0x000000000200e000 Threw 0x00000000ebc85ac8 at C:\re\jdk7u45\229\hotspot\src\share\vm\prims\jvm.cpp:1244
Event: 1.484 Thread 0x000000000200e000 Threw 0x00000000eae82448 at C:\re\jdk7u45\229\hotspot\src\share\vm\prims\jvm.cpp:1244
Event: 1.645 Thread 0x000000000200e000 Threw 0x00000000eb3416e0 at C:\re\jdk7u45\229\hotspot\src\share\vm\prims\jvm.cpp:1244
Event: 1.654 Thread 0x000000000200e000 Implicit null exception at 0x00000000024bfd78 to 0x00000000024c08dd

Events (10 events):
Event: 1.477 Thread 0x000000000200e000 Uncommon trap: trap_request=0xffffffde fr.pc=0x00000000024937e0
Event: 1.477 Thread 0x000000000200e000 DEOPT PACKING pc=0x00000000024937e0 sp=0x00000000023ce7b0
Event: 1.477 Thread 0x000000000200e000 DEOPT UNPACKING pc=0x00000000024075a4 sp=0x00000000023ce758 mode 2
Event: 1.484 loading class 0x000000000a0dac80
Event: 1.484 loading class 0x000000000a0dac80 done
Event: 1.645 loading class 0x00000000084bc840
Event: 1.645 loading class 0x00000000084bc840 done
Event: 1.654 Thread 0x000000000200e000 Uncommon trap: trap_request=0xfffffff4 fr.pc=0x00000000024c08f8
Event: 1.654 Thread 0x000000000200e000 DEOPT PACKING pc=0x00000000024c08f8 sp=0x00000000023ce780
Event: 1.654 Thread 0x000000000200e000 DEOPT UNPACKING pc=0x00000000024075a4 sp=0x00000000023ce588 mode 2


Dynamic libraries:
0x000000013f6d0000 - 0x000000013f703000 	C:\Program Files\Java\jdk1.7.0_45\bin\java.exe
0x0000000077b70000 - 0x0000000077d18000 	C:\Windows\SYSTEM32\ntdll.dll
0x0000000077a50000 - 0x0000000077b6f000 	C:\Windows\system32\kernel32.dll
0x000007fefda70000 - 0x000007fefdadc000 	C:\Windows\system32\KERNELBASE.dll
0x000007feff4f0000 - 0x000007feff5cb000 	C:\Windows\system32\ADVAPI32.dll
0x000007fefe420000 - 0x000007fefe4bf000 	C:\Windows\system32\msvcrt.dll
0x000007fefe2d0000 - 0x000007fefe2ef000 	C:\Windows\SYSTEM32\sechost.dll
0x000007feffcd0000 - 0x000007feffdfd000 	C:\Windows\system32\RPCRT4.dll
0x0000000077950000 - 0x0000000077a4a000 	C:\Windows\system32\USER32.dll
0x000007fefe2f0000 - 0x000007fefe357000 	C:\Windows\system32\GDI32.dll
0x000007fefdcf0000 - 0x000007fefdcfe000 	C:\Windows\system32\LPK.dll
0x000007feffc00000 - 0x000007feffcc9000 	C:\Windows\system32\USP10.dll
0x000007fefc390000 - 0x000007fefc584000 	C:\Windows\WinSxS\amd64_microsoft.windows.common-controls_6595b64144ccf1df_6.0.7601.17514_none_fa396087175ac9ac\COMCTL32.dll
0x000007feffe00000 - 0x000007feffe71000 	C:\Windows\system32\SHLWAPI.dll
0x000007fefe4c0000 - 0x000007fefe4ee000 	C:\Windows\system32\IMM32.DLL
0x000007feff280000 - 0x000007feff389000 	C:\Windows\system32\MSCTF.dll
0x000000005b1d0000 - 0x000000005b2a2000 	C:\Program Files\Java\jdk1.7.0_45\jre\bin\msvcr100.dll
0x000000005d050000 - 0x000000005d819000 	C:\Program Files\Java\jdk1.7.0_45\jre\bin\server\jvm.dll
0x000007fef9e50000 - 0x000007fef9e59000 	C:\Windows\system32\WSOCK32.dll
0x000007fefdd00000 - 0x000007fefdd4d000 	C:\Windows\system32\WS2_32.dll
0x000007feff5d0000 - 0x000007feff5d8000 	C:\Windows\system32\NSI.dll
0x000007fefb6f0000 - 0x000007fefb72b000 	C:\Windows\system32\WINMM.dll
0x0000000077d30000 - 0x0000000077d37000 	C:\Windows\system32\PSAPI.DLL
0x0000000074460000 - 0x000000007446f000 	C:\Program Files\Java\jdk1.7.0_45\jre\bin\verify.dll
0x0000000065bb0000 - 0x0000000065bd8000 	C:\Program Files\Java\jdk1.7.0_45\jre\bin\java.dll
0x0000000072530000 - 0x0000000072545000 	C:\Program Files\Java\jdk1.7.0_45\jre\bin\zip.dll
0x000000006e690000 - 0x000000006e6a9000 	C:\Program Files\Java\jdk1.7.0_45\jre\bin\net.dll
0x000007fefd0d0000 - 0x000007fefd125000 	C:\Windows\system32\mswsock.dll
0x000007fefd0c0000 - 0x000007fefd0c7000 	C:\Windows\System32\wship6.dll
0x0000000065840000 - 0x0000000065851000 	C:\Program Files\Java\jdk1.7.0_45\jre\bin\nio.dll

VM Arguments:
jvm_args: -Xmx1024M -Dfile.encoding=windows-1252 -Duser.country=US -Duser.language=en -Duser.variant 
java_command: com.android.dx.command.Main --dex --output E:\SLIIT\Year 03\SEP-I\KnowYourDoctor_2015_05_09_Edited\KnowYourDoctor\app\build\intermediates\pre-dexed\debug\classes-1fa55614e563a066a60b77b00387c4168f3f0b3b.jar E:\SLIIT\Year 03\SEP-I\KnowYourDoctor_2015_05_09_Edited\KnowYourDoctor\app\build\intermediates\exploded-aar\com.android.support\appcompat-v7\22.0.0\classes.jar
Launcher Type: SUN_STANDARD

Environment Variables:
CLASSPATH=C:\Program Files\Java\jdk1.7.0_45\bin;C:\Program Files\Java\jdk1.7.0_45\bin;C:\Program Files\Java\jre7\lib\ext\QTJava.zip;
PATH=C:\ProgramData\Oracle\Java\javapath;C:\Program Files (x86)\PC Connectivity Solution\;C:\Program Files\Common Files\Microsoft Shared\Windows Live;C:\Program Files (x86)\NVIDIA Corporation\PhysX\Common;C:\Windows\system32;C:\Windows;C:\Windows\System32\Wbem;C:\Windows\System32\WindowsPowerShell\v1.0\;C:\Program Files\Internet Explorer;C:\Program Files (x86)\Microsoft SQL Server\100\Tools\Binn\;C:\Program Files\Microsoft SQL Server\100\Tools\Binn\;C:\Program Files\Microsoft SQL Server\100\DTS\Binn\;C:\Program Files (x86)\Microsoft SQL Server\100\Tools\Binn\VSShell\Common7\IDE\;C:\Program Files (x86)\Microsoft SQL Server\100\DTS\Binn\;C:\Program Files (x86)\Microsoft Visual Studio 9.0\Common7\IDE\PrivateAssemblies\;C:\Program Files\Java\jdk1.7.0_45\bin;C:\Program Files\Common Files\Autodesk Shared\;F:\Software\MySql\Installation\MySQL Utilities 1.3.6\;C:\Program Files (x86)\Windows Kits\8.1\Windows Performance Toolkit\;C:\Program Files\Microsoft SQL Server\110\Tools\Binn\;C:\Program Files (x86)\Skype\Phone\;F:\Software\OpenSSL X64\bin;C:\Program Files (x86)\Java\jre1.8.0_31\bin
USERNAME=Aden
OS=Windows_NT
PROCESSOR_IDENTIFIER=Intel64 Family 6 Model 42 Stepping 7, GenuineIntel



---------------  S Y S T E M  ---------------

OS: Windows 7 , 64 bit Build 7601 Service Pack 1

CPU:total 4 (2 cores per cpu, 2 threads per core) family 6 model 42 stepping 7, cmov, cx8, fxsr, mmx, sse, sse2, sse3, ssse3, sse4.1, sse4.2, popcnt, avx, ht, tsc, tscinvbit

Memory: 4k page, physical 7289792k(1003080k free), swap 9098864k(8416k free)

vm_info: Java HotSpot(TM) 64-Bit Server VM (24.45-b08) for windows-amd64 JRE (1.7.0_45-b18), built on Oct  8 2013 05:47:22 by "java_re" with unknown MS VC++:1600

time: Sat May 09 22:01:15 2015
elapsed time: 1 seconds

