#
# There is insufficient memory for the Java Runtime Environment to continue.
# Native memory allocation (malloc) failed to allocate 210176 bytes for Chunk::new
# Possible reasons:
#   The system is out of physical RAM or swap space
#   In 32 bit mode, the process size limit was hit
# Possible solutions:
#   Reduce memory load on the system
#   Increase physical memory or swap space
#   Check if swap backing store is full
#   Use 64 bit Java on a 64 bit OS
#   Decrease Java heap size (-Xmx/-Xms)
#   Decrease number of Java threads
#   Decrease Java thread stack sizes (-Xss)
#   Set larger code cache with -XX:ReservedCodeCacheSize=
# This output file may be truncated or incomplete.
#
#  Out of Memory Error (allocation.cpp:323), pid=8896, tid=4224
#
# JRE version: Java(TM) SE Runtime Environment (7.0_45-b18) (build 1.7.0_45-b18)
# Java VM: Java HotSpot(TM) 64-Bit Server VM (24.45-b08 mixed mode windows-amd64 compressed oops)
# Failed to write core dump. Minidumps are not enabled by default on client versions of Windows
#

---------------  T H R E A D  ---------------

Current thread (0x00000000080ef800):  JavaThread "C2 CompilerThread0" daemon [_thread_in_native, id=4224, stack(0x0000000009190000,0x0000000009290000)]

Stack: [0x0000000009190000,0x0000000009290000]

Current CompileTask:
C2:    746   76             com.android.dx.ssa.SsaMethod::computeReachability (131 bytes)


---------------  P R O C E S S  ---------------

Java Threads: ( => current thread )
  0x00000000080fe800 JavaThread "Service Thread" daemon [_thread_blocked, id=7888, stack(0x0000000009a70000,0x0000000009b70000)]
  0x00000000080fd000 JavaThread "C2 CompilerThread1" daemon [_thread_in_native, id=5224, stack(0x00000000095c0000,0x00000000096c0000)]
=>0x00000000080ef800 JavaThread "C2 CompilerThread0" daemon [_thread_in_native, id=4224, stack(0x0000000009190000,0x0000000009290000)]
  0x00000000080ee000 JavaThread "Attach Listener" daemon [_thread_blocked, id=8392, stack(0x00000000097f0000,0x00000000098f0000)]
  0x00000000080e7000 JavaThread "Signal Dispatcher" daemon [_thread_blocked, id=5980, stack(0x00000000093a0000,0x00000000094a0000)]
  0x0000000008096000 JavaThread "Finalizer" daemon [_thread_blocked, id=7236, stack(0x00000000096c0000,0x00000000097c0000)]
  0x000000000808d000 JavaThread "Reference Handler" daemon [_thread_blocked, id=6120, stack(0x00000000094a0000,0x00000000095a0000)]
  0x000000000014e000 JavaThread "main" [_thread_in_vm, id=4600, stack(0x0000000001f90000,0x0000000002090000)]

Other Threads:
  0x0000000008087800 VMThread [stack: 0x00000000092a0000,0x00000000093a0000] [id=6988]
  0x0000000008108000 WatcherThread [stack: 0x0000000009c90000,0x0000000009d90000] [id=9184]

VM state:not at safepoint (normal execution)

VM Mutex/Monitor currently owned by a thread: None

Heap
 PSYoungGen      total 33792K, used 11430K [0x00000000eaa80000, 0x00000000ed000000, 0x0000000100000000)
  eden space 29184K, 39% used [0x00000000eaa80000,0x00000000eb5a9b88,0x00000000ec700000)
  from space 4608K, 0% used [0x00000000ecb80000,0x00000000ecb80000,0x00000000ed000000)
  to   space 4608K, 0% used [0x00000000ec700000,0x00000000ec700000,0x00000000ecb80000)
 ParOldGen       total 75776K, used 0K [0x00000000c0000000, 0x00000000c4a00000, 0x00000000eaa80000)
  object space 75776K, 0% used [0x00000000c0000000,0x00000000c0000000,0x00000000c4a00000)
 PSPermGen       total 21504K, used 5255K [0x00000000bae00000, 0x00000000bc300000, 0x00000000c0000000)
  object space 21504K, 24% used [0x00000000bae00000,0x00000000bb321fd8,0x00000000bc300000)

Card table byte_map: [0x0000000005090000,0x00000000052c0000] byte_map_base: 0x0000000004ab9000

Polling page: 0x0000000000110000

Code Cache  [0x0000000002090000, 0x0000000002300000, 0x0000000005090000)
 total_blobs=308 nmethods=74 adapters=186 free_code_cache=48647Kb largest_free_block=49791616

Compilation events (10 events):
Event: 0.722 Thread 0x00000000080ef800 nmethod 70 0x000000000210d510 code [0x000000000210d660, 0x000000000210d728]
Event: 0.722 Thread 0x00000000080fd000 nmethod 71 0x000000000210bd90 code [0x000000000210bec0, 0x000000000210bf38]
Event: 0.725 Thread 0x00000000080ef800   72             java.util.BitSet::set (58 bytes)
Event: 0.727 Thread 0x00000000080ef800 nmethod 72 0x000000000210b950 code [0x000000000210baa0, 0x000000000210bc08]
Event: 0.728 Thread 0x00000000080fd000   73   !         com.android.dx.util.FixedSizeList::set0 (22 bytes)
Event: 0.729 Thread 0x00000000080fd000 nmethod 73 0x000000000210f010 code [0x000000000210f160, 0x000000000210f258]
Event: 0.732 Thread 0x00000000080ef800   74             com.android.dx.rop.cst.CstString::utf8BytesToString (391 bytes)
Event: 0.735 Thread 0x00000000080fd000   75             com.android.dx.rop.code.RopMethod::calcPredecessors (227 bytes)
Event: 0.740 Thread 0x00000000080ef800 nmethod 74 0x000000000210e190 code [0x000000000210e380, 0x000000000210e968]
Event: 0.741 Thread 0x00000000080ef800   76             com.android.dx.ssa.SsaMethod::computeReachability (131 bytes)

GC Heap History (0 events):
No events

Deoptimization events (1 events):
Event: 0.683 Thread 0x000000000014e000 Uncommon trap: reason=null_check action=make_not_entrant pc=0x0000000002107138 method=com.android.dx.rop.code.LocalItem.equals(Ljava/lang/Object;)Z @ 1

Internal exceptions (10 events):
Event: 0.508 Thread 0x000000000014e000 Threw 0x00000000eb14fbd8 at C:\re\jdk7u45\229\hotspot\src\share\vm\prims\jvm.cpp:1244
Event: 0.532 Thread 0x000000000014e000 Threw 0x00000000eb1be4f8 at C:\re\jdk7u45\229\hotspot\src\share\vm\prims\jvm.cpp:1244
Event: 0.533 Thread 0x000000000014e000 Threw 0x00000000eb1c75b8 at C:\re\jdk7u45\229\hotspot\src\share\vm\prims\jvm.cpp:1244
Event: 0.534 Thread 0x000000000014e000 Threw 0x00000000eb1d1478 at C:\re\jdk7u45\229\hotspot\src\share\vm\prims\jvm.cpp:1244
Event: 0.534 Thread 0x000000000014e000 Threw 0x00000000eb1d37d8 at C:\re\jdk7u45\229\hotspot\src\share\vm\prims\jvm.cpp:1244
Event: 0.535 Thread 0x000000000014e000 Threw 0x00000000eb1daf08 at C:\re\jdk7u45\229\hotspot\src\share\vm\prims\jvm.cpp:1244
Event: 0.539 Thread 0x000000000014e000 Threw 0x00000000eb1ed518 at C:\re\jdk7u45\229\hotspot\src\share\vm\prims\jvm.cpp:1244
Event: 0.542 Thread 0x000000000014e000 Threw 0x00000000eb1f7c78 at C:\re\jdk7u45\229\hotspot\src\share\vm\prims\jvm.cpp:1244
Event: 0.683 Thread 0x000000000014e000 Implicit null exception at 0x0000000002106dd9 to 0x0000000002107125
Event: 0.690 Thread 0x000000000014e000 Threw 0x00000000eb452400 at C:\re\jdk7u45\229\hotspot\src\share\vm\prims\jvm.cpp:1244

Events (10 events):
Event: 0.626 loading class 0x0000000001da0720 done
Event: 0.683 Thread 0x000000000014e000 Uncommon trap: trap_request=0xfffffff4 fr.pc=0x0000000002107138
Event: 0.683 Thread 0x000000000014e000 DEOPT PACKING pc=0x0000000002107138 sp=0x000000000208e890
Event: 0.683 Thread 0x000000000014e000 DEOPT UNPACKING pc=0x00000000020c75a4 sp=0x000000000208e7e0 mode 2
Event: 0.690 loading class 0x0000000009f7e0a0
Event: 0.690 loading class 0x0000000009f7e0a0 done
Event: 0.692 loading class 0x0000000001d9d290
Event: 0.692 loading class 0x0000000001d9d290 done
Event: 0.692 loading class 0x0000000001d9d260
Event: 0.692 loading class 0x0000000001d9d260 done


Dynamic libraries:
0x000000013f6d0000 - 0x000000013f703000 	C:\Program Files\Java\jdk1.7.0_45\bin\java.exe
0x0000000077b70000 - 0x0000000077d18000 	C:\Windows\SYSTEM32\ntdll.dll
0x0000000077a50000 - 0x0000000077b6f000 	C:\Windows\system32\kernel32.dll
0x000007fefda70000 - 0x000007fefdadc000 	C:\Windows\system32\KERNELBASE.dll
0x000007feff4f0000 - 0x000007feff5cb000 	C:\Windows\system32\ADVAPI32.dll
0x000007fefe420000 - 0x000007fefe4bf000 	C:\Windows\system32\msvcrt.dll
0x000007fefe2d0000 - 0x000007fefe2ef000 	C:\Windows\SYSTEM32\sechost.dll
0x000007feffcd0000 - 0x000007feffdfd000 	C:\Windows\system32\RPCRT4.dll
0x0000000077950000 - 0x0000000077a4a000 	C:\Windows\system32\USER32.dll
0x000007fefe2f0000 - 0x000007fefe357000 	C:\Windows\system32\GDI32.dll
0x000007fefdcf0000 - 0x000007fefdcfe000 	C:\Windows\system32\LPK.dll
0x000007feffc00000 - 0x000007feffcc9000 	C:\Windows\system32\USP10.dll
0x000007fefc390000 - 0x000007fefc584000 	C:\Windows\WinSxS\amd64_microsoft.windows.common-controls_6595b64144ccf1df_6.0.7601.17514_none_fa396087175ac9ac\COMCTL32.dll
0x000007feffe00000 - 0x000007feffe71000 	C:\Windows\system32\SHLWAPI.dll
0x000007fefe4c0000 - 0x000007fefe4ee000 	C:\Windows\system32\IMM32.DLL
0x000007feff280000 - 0x000007feff389000 	C:\Windows\system32\MSCTF.dll
0x000000005b1d0000 - 0x000000005b2a2000 	C:\Program Files\Java\jdk1.7.0_45\jre\bin\msvcr100.dll
0x000000005d050000 - 0x000000005d819000 	C:\Program Files\Java\jdk1.7.0_45\jre\bin\server\jvm.dll
0x000007fef9e50000 - 0x000007fef9e59000 	C:\Windows\system32\WSOCK32.dll
0x000007fefdd00000 - 0x000007fefdd4d000 	C:\Windows\system32\WS2_32.dll
0x000007feff5d0000 - 0x000007feff5d8000 	C:\Windows\system32\NSI.dll
0x000007fefb6f0000 - 0x000007fefb72b000 	C:\Windows\system32\WINMM.dll
0x0000000077d30000 - 0x0000000077d37000 	C:\Windows\system32\PSAPI.DLL
0x0000000074460000 - 0x000000007446f000 	C:\Program Files\Java\jdk1.7.0_45\jre\bin\verify.dll
0x0000000065bb0000 - 0x0000000065bd8000 	C:\Program Files\Java\jdk1.7.0_45\jre\bin\java.dll
0x0000000072530000 - 0x0000000072545000 	C:\Program Files\Java\jdk1.7.0_45\jre\bin\zip.dll
0x000000006e690000 - 0x000000006e6a9000 	C:\Program Files\Java\jdk1.7.0_45\jre\bin\net.dll
0x000007fefd0d0000 - 0x000007fefd125000 	C:\Windows\system32\mswsock.dll
0x000007fefd0c0000 - 0x000007fefd0c7000 	C:\Windows\System32\wship6.dll
0x0000000065840000 - 0x0000000065851000 	C:\Program Files\Java\jdk1.7.0_45\jre\bin\nio.dll

VM Arguments:
jvm_args: -Xmx1024M -Dfile.encoding=windows-1252 -Duser.country=US -Duser.language=en -Duser.variant 
java_command: com.android.dx.command.Main --dex --output E:\SLIIT\Year 03\SEP-I\KnowYourDoctor_2015_05_09_Edited\KnowYourDoctor\app\build\intermediates\pre-dexed\debug\classes-3798f8e52c0c8248cf6cfa4d6219e7dcc9c9f631.jar E:\SLIIT\Year 03\SEP-I\KnowYourDoctor_2015_05_09_Edited\KnowYourDoctor\app\build\intermediates\exploded-aar\com.facebook.android\facebook\3.23.1\classes.jar
Launcher Type: SUN_STANDARD

Environment Variables:
CLASSPATH=C:\Program Files\Java\jdk1.7.0_45\bin;C:\Program Files\Java\jdk1.7.0_45\bin;C:\Program Files\Java\jre7\lib\ext\QTJava.zip;
PATH=C:\ProgramData\Oracle\Java\javapath;C:\Program Files (x86)\PC Connectivity Solution\;C:\Program Files\Common Files\Microsoft Shared\Windows Live;C:\Program Files (x86)\NVIDIA Corporation\PhysX\Common;C:\Windows\system32;C:\Windows;C:\Windows\System32\Wbem;C:\Windows\System32\WindowsPowerShell\v1.0\;C:\Program Files\Internet Explorer;C:\Program Files (x86)\Microsoft SQL Server\100\Tools\Binn\;C:\Program Files\Microsoft SQL Server\100\Tools\Binn\;C:\Program Files\Microsoft SQL Server\100\DTS\Binn\;C:\Program Files (x86)\Microsoft SQL Server\100\Tools\Binn\VSShell\Common7\IDE\;C:\Program Files (x86)\Microsoft SQL Server\100\DTS\Binn\;C:\Program Files (x86)\Microsoft Visual Studio 9.0\Common7\IDE\PrivateAssemblies\;C:\Program Files\Java\jdk1.7.0_45\bin;C:\Program Files\Common Files\Autodesk Shared\;F:\Software\MySql\Installation\MySQL Utilities 1.3.6\;C:\Program Files (x86)\Windows Kits\8.1\Windows Performance Toolkit\;C:\Program Files\Microsoft SQL Server\110\Tools\Binn\;C:\Program Files (x86)\Skype\Phone\;F:\Software\OpenSSL X64\bin;C:\Program Files (x86)\Java\jre1.8.0_31\bin
USERNAME=Aden
OS=Windows_NT
PROCESSOR_IDENTIFIER=Intel64 Family 6 Model 42 Stepping 7, GenuineIntel



---------------  S Y S T E M  ---------------

OS: Windows 7 , 64 bit Build 7601 Service Pack 1

CPU:total 4 (2 cores per cpu, 2 threads per core) family 6 model 42 stepping 7, cmov, cx8, fxsr, mmx, sse, sse2, sse3, ssse3, sse4.1, sse4.2, popcnt, avx, ht, tsc, tscinvbit

Memory: 4k page, physical 7289792k(1017616k free), swap 9098864k(5044k free)

vm_info: Java HotSpot(TM) 64-Bit Server VM (24.45-b08) for windows-amd64 JRE (1.7.0_45-b18), built on Oct  8 2013 05:47:22 by "java_re" with unknown MS VC++:1600

time: Sat May 09 22:01:14 2015
elapsed time: 0 seconds

