#
# There is insufficient memory for the Java Runtime Environment to continue.
# Native memory allocation (malloc) failed to allocate 1844112 bytes for Chunk::new
# Possible reasons:
#   The system is out of physical RAM or swap space
#   In 32 bit mode, the process size limit was hit
# Possible solutions:
#   Reduce memory load on the system
#   Increase physical memory or swap space
#   Check if swap backing store is full
#   Use 64 bit Java on a 64 bit OS
#   Decrease Java heap size (-Xmx/-Xms)
#   Decrease number of Java threads
#   Decrease Java thread stack sizes (-Xss)
#   Set larger code cache with -XX:ReservedCodeCacheSize=
# This output file may be truncated or incomplete.
#
#  Out of Memory Error (allocation.cpp:323), pid=6508, tid=3480
#
# JRE version: Java(TM) SE Runtime Environment (7.0_45-b18) (build 1.7.0_45-b18)
# Java VM: Java HotSpot(TM) 64-Bit Server VM (24.45-b08 mixed mode windows-amd64 compressed oops)
# Failed to write core dump. Minidumps are not enabled by default on client versions of Windows
#

---------------  T H R E A D  ---------------

Current thread (0x00000000082ce800):  JavaThread "C2 CompilerThread0" daemon [_thread_in_native, id=3480, stack(0x0000000009a60000,0x0000000009b60000)]

Stack: [0x0000000009a60000,0x0000000009b60000]

Current CompileTask:
C2:  63522  977   !         com.android.dx.dex.cf.CfTranslator::processMethods (583 bytes)


---------------  P R O C E S S  ---------------

Java Threads: ( => current thread )
  0x00000000082d6000 JavaThread "Service Thread" daemon [_thread_blocked, id=2056, stack(0x0000000005750000,0x0000000005850000)]
  0x00000000082d4000 JavaThread "C2 CompilerThread1" daemon [_thread_blocked, id=8100, stack(0x0000000009c10000,0x0000000009d10000)]
=>0x00000000082ce800 JavaThread "C2 CompilerThread0" daemon [_thread_in_native, id=3480, stack(0x0000000009a60000,0x0000000009b60000)]
  0x00000000082cd800 JavaThread "Attach Listener" daemon [_thread_blocked, id=2172, stack(0x0000000009890000,0x0000000009990000)]
  0x00000000082c6800 JavaThread "Signal Dispatcher" daemon [_thread_blocked, id=5844, stack(0x00000000096f0000,0x00000000097f0000)]
  0x0000000008278000 JavaThread "Finalizer" daemon [_thread_blocked, id=3932, stack(0x0000000009380000,0x0000000009480000)]
  0x000000000826d000 JavaThread "Reference Handler" daemon [_thread_blocked, id=5136, stack(0x0000000009530000,0x0000000009630000)]
  0x0000000001ebe000 JavaThread "main" [_thread_blocked, id=7756, stack(0x0000000002140000,0x0000000002240000)]

Other Threads:
  0x0000000008267800 VMThread [stack: 0x0000000009250000,0x0000000009350000] [id=7256]
  0x00000000082e7800 WatcherThread [stack: 0x0000000009d30000,0x0000000009e30000] [id=8992]

VM state:at safepoint (normal execution)

VM Mutex/Monitor currently owned by a thread:  ([mutex/lock_event])
[0x0000000001ebc630] Threads_lock - owner thread: 0x0000000008267800
[0x0000000001ebcb30] Heap_lock - owner thread: 0x0000000001ebe000

Heap
 PSYoungGen      total 122368K, used 97791K [0x00000000eaa80000, 0x00000000f5780000, 0x0000000100000000)
  eden space 97792K, 99% used [0x00000000eaa80000,0x00000000f09ffff8,0x00000000f0a00000)
  from space 24576K, 0% used [0x00000000f3f80000,0x00000000f3f80000,0x00000000f5780000)
  to   space 36352K, 0% used [0x00000000f1080000,0x00000000f1080000,0x00000000f3400000)
 ParOldGen       total 101888K, used 101381K [0x00000000c0000000, 0x00000000c6380000, 0x00000000eaa80000)
  object space 101888K, 99% used [0x00000000c0000000,0x00000000c6301520,0x00000000c6380000)
 PSPermGen       total 21504K, used 5767K [0x00000000bae00000, 0x00000000bc300000, 0x00000000c0000000)
  object space 21504K, 26% used [0x00000000bae00000,0x00000000bb3a1e90,0x00000000bc300000)

Card table byte_map: [0x0000000005240000,0x0000000005470000] byte_map_base: 0x0000000004c69000

Polling page: 0x0000000000120000

Code Cache  [0x0000000002240000, 0x0000000002550000, 0x0000000005240000)
 total_blobs=1069 nmethods=835 adapters=186 free_code_cache=46397Kb largest_free_block=47143168

Compilation events (10 events):
Event: 30.457 Thread 0x00000000082d4000 nmethod 972 0x00000000024c6bd0 code [0x00000000024c6d20, 0x00000000024c6ed8]
Event: 30.467 Thread 0x00000000082ce800  973             com.android.dx.cf.code.BaseMachine::auxTargetArg (6 bytes)
Event: 30.468 Thread 0x00000000082ce800 nmethod 973 0x0000000002448a50 code [0x0000000002448b80, 0x0000000002448bd8]
Event: 30.958 Thread 0x00000000082d4000  974             com.android.dx.cf.code.Simulator$SimVisitor::visitBranch (341 bytes)
Event: 30.966 Thread 0x00000000082d4000 nmethod 974 0x0000000002468bd0 code [0x0000000002468e00, 0x0000000002469528]
Event: 31.990 Thread 0x00000000082ce800  975             com.android.dx.ssa.SsaBasicBlock::insertNewPredecessor (134 bytes)
Event: 32.016 Thread 0x00000000082ce800 nmethod 975 0x00000000022e3910 code [0x00000000022e3ae0, 0x00000000022e47f0]
Event: 34.205 Thread 0x00000000082d4000  976             com.android.dx.ssa.back.IdenticalBlockCombiner::replaceSucc (83 bytes)
Event: 34.736 Thread 0x00000000082d4000 nmethod 976 0x00000000024831d0 code [0x0000000002483380, 0x0000000002483988]
Event: 38.086 Thread 0x00000000082ce800  977   !         com.android.dx.dex.cf.CfTranslator::processMethods (583 bytes)

GC Heap History (10 events):
Event: 61.879 GC heap after
Heap after GC invocations=118 (full 108):
 PSYoungGen      total 122368K, used 97791K [0x00000000eaa80000, 0x00000000f5780000, 0x0000000100000000)
  eden space 97792K, 99% used [0x00000000eaa80000,0x00000000f09ffff8,0x00000000f0a00000)
  from space 24576K, 0% used [0x00000000f3f80000,0x00000000f3f80000,0x00000000f5780000)
  to   space 36352K, 0% used [0x00000000f1080000,0x00000000f1080000,0x00000000f3400000)
 ParOldGen       total 101888K, used 101368K [0x00000000c0000000, 0x00000000c6380000, 0x00000000eaa80000)
  object space 101888K, 99% used [0x00000000c0000000,0x00000000c62fe0a0,0x00000000c6380000)
 PSPermGen       total 21504K, used 5767K [0x00000000bae00000, 0x00000000bc300000, 0x00000000c0000000)
  object space 21504K, 26% used [0x00000000bae00000,0x00000000bb3a1e90,0x00000000bc300000)
}
Event: 61.879 GC heap before
{Heap before GC invocations=119 (full 109):
 PSYoungGen      total 122368K, used 97791K [0x00000000eaa80000, 0x00000000f5780000, 0x0000000100000000)
  eden space 97792K, 99% used [0x00000000eaa80000,0x00000000f09ffff8,0x00000000f0a00000)
  from space 24576K, 0% used [0x00000000f3f80000,0x00000000f3f80000,0x00000000f5780000)
  to   space 36352K, 0% used [0x00000000f1080000,0x00000000f1080000,0x00000000f3400000)
 ParOldGen       total 101888K, used 101371K [0x00000000c0000000, 0x00000000c6380000, 0x00000000eaa80000)
  object space 101888K, 99% used [0x00000000c0000000,0x00000000c62feca0,0x00000000c6380000)
 PSPermGen       total 21504K, used 5767K [0x00000000bae00000, 0x00000000bc300000, 0x00000000c0000000)
  object space 21504K, 26% used [0x00000000bae00000,0x00000000bb3a1e90,0x00000000bc300000)
Event: 62.255 GC heap after
Heap after GC invocations=119 (full 109):
 PSYoungGen      total 122368K, used 97791K [0x00000000eaa80000, 0x00000000f5780000, 0x0000000100000000)
  eden space 97792K, 99% used [0x00000000eaa80000,0x00000000f09ffff8,0x00000000f0a00000)
  from space 24576K, 0% used [0x00000000f3f80000,0x00000000f3f80000,0x00000000f5780000)
  to   space 36352K, 0% used [0x00000000f1080000,0x00000000f1080000,0x00000000f3400000)
 ParOldGen       total 101888K, used 101370K [0x00000000c0000000, 0x00000000c6380000, 0x00000000eaa80000)
  object space 101888K, 99% used [0x00000000c0000000,0x00000000c62feb20,0x00000000c6380000)
 PSPermGen       total 21504K, used 5767K [0x00000000bae00000, 0x00000000bc300000, 0x00000000c0000000)
  object space 21504K, 26% used [0x00000000bae00000,0x00000000bb3a1e90,0x00000000bc300000)
}
Event: 62.255 GC heap before
{Heap before GC invocations=120 (full 110):
 PSYoungGen      total 122368K, used 97791K [0x00000000eaa80000, 0x00000000f5780000, 0x0000000100000000)
  eden space 97792K, 99% used [0x00000000eaa80000,0x00000000f09ffff8,0x00000000f0a00000)
  from space 24576K, 0% used [0x00000000f3f80000,0x00000000f3f80000,0x00000000f5780000)
  to   space 36352K, 0% used [0x00000000f1080000,0x00000000f1080000,0x00000000f3400000)
 ParOldGen       total 101888K, used 101373K [0x00000000c0000000, 0x00000000c6380000, 0x00000000eaa80000)
  object space 101888K, 99% used [0x00000000c0000000,0x00000000c62ff720,0x00000000c6380000)
 PSPermGen       total 21504K, used 5767K [0x00000000bae00000, 0x00000000bc300000, 0x00000000c0000000)
  object space 21504K, 26% used [0x00000000bae00000,0x00000000bb3a1e90,0x00000000bc300000)
Event: 62.597 GC heap after
Heap after GC invocations=120 (full 110):
 PSYoungGen      total 122368K, used 97791K [0x00000000eaa80000, 0x00000000f5780000, 0x0000000100000000)
  eden space 97792K, 99% used [0x00000000eaa80000,0x00000000f09ffff8,0x00000000f0a00000)
  from space 24576K, 0% used [0x00000000f3f80000,0x00000000f3f80000,0x00000000f5780000)
  to   space 36352K, 0% used [0x00000000f1080000,0x00000000f1080000,0x00000000f3400000)
 ParOldGen       total 101888K, used 101373K [0x00000000c0000000, 0x00000000c6380000, 0x00000000eaa80000)
  object space 101888K, 99% used [0x00000000c0000000,0x00000000c62ff4e0,0x00000000c6380000)
 PSPermGen       total 21504K, used 5767K [0x00000000bae00000, 0x00000000bc300000, 0x00000000c0000000)
  object space 21504K, 26% used [0x00000000bae00000,0x00000000bb3a1e90,0x00000000bc300000)
}
Event: 62.597 GC heap before
{Heap before GC invocations=121 (full 111):
 PSYoungGen      total 122368K, used 97791K [0x00000000eaa80000, 0x00000000f5780000, 0x0000000100000000)
  eden space 97792K, 99% used [0x00000000eaa80000,0x00000000f09ffff8,0x00000000f0a00000)
  from space 24576K, 0% used [0x00000000f3f80000,0x00000000f3f80000,0x00000000f5780000)
  to   space 36352K, 0% used [0x00000000f1080000,0x00000000f1080000,0x00000000f3400000)
 ParOldGen       total 101888K, used 101376K [0x00000000c0000000, 0x00000000c6380000, 0x00000000eaa80000)
  object space 101888K, 99% used [0x00000000c0000000,0x00000000c63000e0,0x00000000c6380000)
 PSPermGen       total 21504K, used 5767K [0x00000000bae00000, 0x00000000bc300000, 0x00000000c0000000)
  object space 21504K, 26% used [0x00000000bae00000,0x00000000bb3a1e90,0x00000000bc300000)
Event: 63.008 GC heap after
Heap after GC invocations=121 (full 111):
 PSYoungGen      total 122368K, used 97791K [0x00000000eaa80000, 0x00000000f5780000, 0x0000000100000000)
  eden space 97792K, 99% used [0x00000000eaa80000,0x00000000f09ffff8,0x00000000f0a00000)
  from space 24576K, 0% used [0x00000000f3f80000,0x00000000f3f80000,0x00000000f5780000)
  to   space 36352K, 0% used [0x00000000f1080000,0x00000000f1080000,0x00000000f3400000)
 ParOldGen       total 101888K, used 101375K [0x00000000c0000000, 0x00000000c6380000, 0x00000000eaa80000)
  object space 101888K, 99% used [0x00000000c0000000,0x00000000c62ffea0,0x00000000c6380000)
 PSPermGen       total 21504K, used 5767K [0x00000000bae00000, 0x00000000bc300000, 0x00000000c0000000)
  object space 21504K, 26% used [0x00000000bae00000,0x00000000bb3a1e90,0x00000000bc300000)
}
Event: 63.008 GC heap before
{Heap before GC invocations=122 (full 112):
 PSYoungGen      total 122368K, used 97791K [0x00000000eaa80000, 0x00000000f5780000, 0x0000000100000000)
  eden space 97792K, 99% used [0x00000000eaa80000,0x00000000f09ffff8,0x00000000f0a00000)
  from space 24576K, 0% used [0x00000000f3f80000,0x00000000f3f80000,0x00000000f5780000)
  to   space 36352K, 0% used [0x00000000f1080000,0x00000000f1080000,0x00000000f3400000)
 ParOldGen       total 101888K, used 101378K [0x00000000c0000000, 0x00000000c6380000, 0x00000000eaa80000)
  object space 101888K, 99% used [0x00000000c0000000,0x00000000c6300aa0,0x00000000c6380000)
 PSPermGen       total 21504K, used 5767K [0x00000000bae00000, 0x00000000bc300000, 0x00000000c0000000)
  object space 21504K, 26% used [0x00000000bae00000,0x00000000bb3a1e90,0x00000000bc300000)
Event: 63.503 GC heap after
Heap after GC invocations=122 (full 112):
 PSYoungGen      total 122368K, used 97791K [0x00000000eaa80000, 0x00000000f5780000, 0x0000000100000000)
  eden space 97792K, 99% used [0x00000000eaa80000,0x00000000f09ffff8,0x00000000f0a00000)
  from space 24576K, 0% used [0x00000000f3f80000,0x00000000f3f80000,0x00000000f5780000)
  to   space 36352K, 0% used [0x00000000f1080000,0x00000000f1080000,0x00000000f3400000)
 ParOldGen       total 101888K, used 101378K [0x00000000c0000000, 0x00000000c6380000, 0x00000000eaa80000)
  object space 101888K, 99% used [0x00000000c0000000,0x00000000c6300920,0x00000000c6380000)
 PSPermGen       total 21504K, used 5767K [0x00000000bae00000, 0x00000000bc300000, 0x00000000c0000000)
  object space 21504K, 26% used [0x00000000bae00000,0x00000000bb3a1e90,0x00000000bc300000)
}
Event: 63.507 GC heap before
{Heap before GC invocations=123 (full 113):
 PSYoungGen      total 122368K, used 97791K [0x00000000eaa80000, 0x00000000f5780000, 0x0000000100000000)
  eden space 97792K, 99% used [0x00000000eaa80000,0x00000000f09ffff8,0x00000000f0a00000)
  from space 24576K, 0% used [0x00000000f3f80000,0x00000000f3f80000,0x00000000f5780000)
  to   space 36352K, 0% used [0x00000000f1080000,0x00000000f1080000,0x00000000f3400000)
 ParOldGen       total 101888K, used 101381K [0x00000000c0000000, 0x00000000c6380000, 0x00000000eaa80000)
  object space 101888K, 99% used [0x00000000c0000000,0x00000000c6301520,0x00000000c6380000)
 PSPermGen       total 21504K, used 5767K [0x00000000bae00000, 0x00000000bc300000, 0x00000000c0000000)
  object space 21504K, 26% used [0x00000000bae00000,0x00000000bb3a1e90,0x00000000bc300000)

Deoptimization events (10 events):
Event: 15.046 Thread 0x0000000001ebe000 Uncommon trap: reason=bimorphic action=maybe_recompile pc=0x00000000024a8074 method=com.android.dx.cf.code.BytecodeArray.parseInstruction(ILcom/android/dx/cf/code/BytecodeArray$Visitor;)I @ 923
Event: 15.046 Thread 0x0000000001ebe000 Uncommon trap: reason=bimorphic action=maybe_recompile pc=0x00000000024a80f4 method=com.android.dx.cf.code.BytecodeArray.parseInstruction(ILcom/android/dx/cf/code/BytecodeArray$Visitor;)I @ 939
Event: 15.046 Thread 0x0000000001ebe000 Uncommon trap: reason=bimorphic action=maybe_recompile pc=0x00000000024a8174 method=com.android.dx.cf.code.BytecodeArray.parseInstruction(ILcom/android/dx/cf/code/BytecodeArray$Visitor;)I @ 955
Event: 15.046 Thread 0x0000000001ebe000 Uncommon trap: reason=bimorphic action=maybe_recompile pc=0x00000000024a81f4 method=com.android.dx.cf.code.BytecodeArray.parseInstruction(ILcom/android/dx/cf/code/BytecodeArray$Visitor;)I @ 971
Event: 15.046 Thread 0x0000000001ebe000 Uncommon trap: reason=bimorphic action=maybe_recompile pc=0x00000000024a8274 method=com.android.dx.cf.code.BytecodeArray.parseInstruction(ILcom/android/dx/cf/code/BytecodeArray$Visitor;)I @ 987
Event: 15.047 Thread 0x0000000001ebe000 Uncommon trap: reason=bimorphic action=maybe_recompile pc=0x00000000024a8074 method=com.android.dx.cf.code.BytecodeArray.parseInstruction(ILcom/android/dx/cf/code/BytecodeArray$Visitor;)I @ 923
Event: 15.047 Thread 0x0000000001ebe000 Uncommon trap: reason=unreached action=reinterpret pc=0x00000000025166d0 method=com.android.dx.cf.code.RopperMachine.run(Lcom/android/dx/cf/code/Frame;II)V @ 1500
Event: 15.047 Thread 0x0000000001ebe000 Uncommon trap: reason=class_check action=maybe_recompile pc=0x00000000024f1bf4 method=com.android.dx.cf.code.Ropper.processBlock(Lcom/android/dx/cf/code/ByteBlock;Lcom/android/dx/cf/code/Frame;[I)V @ 777
Event: 18.536 Thread 0x0000000001ebe000 Uncommon trap: reason=null_check action=make_not_entrant pc=0x0000000002541a70 method=com.android.dx.rop.cst.CstType.intern(Lcom/android/dx/rop/type/Type;)Lcom/android/dx/rop/cst/CstType; @ 13
Event: 29.029 Thread 0x0000000001ebe000 Uncommon trap: reason=class_check action=maybe_recompile pc=0x00000000024f1bf4 method=com.android.dx.cf.code.Ropper.processBlock(Lcom/android/dx/cf/code/ByteBlock;Lcom/android/dx/cf/code/Frame;[I)V @ 777

Internal exceptions (10 events):
Event: 5.941 Thread 0x0000000001ebe000 Implicit null exception at 0x00000000023f4892 to 0x00000000023f4982
Event: 5.941 Thread 0x0000000001ebe000 Implicit null exception at 0x0000000002330777 to 0x0000000002330f1d
Event: 5.941 Thread 0x0000000001ebe000 Implicit null exception at 0x00000000022c0278 to 0x00000000022c049d
Event: 5.989 Thread 0x0000000001ebe000 Implicit null exception at 0x00000000022fb464 to 0x00000000022fbdc9
Event: 12.194 Thread 0x0000000001ebe000 Threw 0x00000000ec915850 at C:\re\jdk7u45\229\hotspot\src\share\vm\prims\jvm.cpp:1244
Event: 12.229 Thread 0x0000000001ebe000 Implicit null exception at 0x0000000002300fbb to 0x00000000023017ed
Event: 12.461 Thread 0x0000000001ebe000 Implicit null exception at 0x000000000248d76d to 0x000000000248e919
Event: 13.031 Thread 0x0000000001ebe000 Implicit null exception at 0x00000000024fbd10 to 0x00000000024fcb11
Event: 18.536 Thread 0x0000000001ebe000 Implicit null exception at 0x000000000253ed3f to 0x0000000002541a55
Event: 19.737 Thread 0x0000000001ebe000 Threw 0x00000000f03559c0 at C:\re\jdk7u45\229\hotspot\src\share\vm\prims\jvm.cpp:1244

Events (10 events):
Event: 61.879 Executing VM operation: ParallelGCFailedAllocation done
Event: 61.879 Executing VM operation: ParallelGCFailedAllocation
Event: 62.255 Executing VM operation: ParallelGCFailedAllocation done
Event: 62.255 Executing VM operation: ParallelGCFailedAllocation
Event: 62.597 Executing VM operation: ParallelGCFailedAllocation done
Event: 62.597 Executing VM operation: ParallelGCFailedAllocation
Event: 63.008 Executing VM operation: ParallelGCFailedAllocation done
Event: 63.008 Executing VM operation: ParallelGCFailedAllocation
Event: 63.503 Executing VM operation: ParallelGCFailedAllocation done
Event: 63.507 Executing VM operation: ParallelGCFailedAllocation


Dynamic libraries:
0x000000013f6d0000 - 0x000000013f703000 	C:\Program Files\Java\jdk1.7.0_45\bin\java.exe
0x0000000077b70000 - 0x0000000077d18000 	C:\Windows\SYSTEM32\ntdll.dll
0x0000000077a50000 - 0x0000000077b6f000 	C:\Windows\system32\kernel32.dll
0x000007fefda70000 - 0x000007fefdadc000 	C:\Windows\system32\KERNELBASE.dll
0x000007feff4f0000 - 0x000007feff5cb000 	C:\Windows\system32\ADVAPI32.dll
0x000007fefe420000 - 0x000007fefe4bf000 	C:\Windows\system32\msvcrt.dll
0x000007fefe2d0000 - 0x000007fefe2ef000 	C:\Windows\SYSTEM32\sechost.dll
0x000007feffcd0000 - 0x000007feffdfd000 	C:\Windows\system32\RPCRT4.dll
0x0000000077950000 - 0x0000000077a4a000 	C:\Windows\system32\USER32.dll
0x000007fefe2f0000 - 0x000007fefe357000 	C:\Windows\system32\GDI32.dll
0x000007fefdcf0000 - 0x000007fefdcfe000 	C:\Windows\system32\LPK.dll
0x000007feffc00000 - 0x000007feffcc9000 	C:\Windows\system32\USP10.dll
0x000007fefc390000 - 0x000007fefc584000 	C:\Windows\WinSxS\amd64_microsoft.windows.common-controls_6595b64144ccf1df_6.0.7601.17514_none_fa396087175ac9ac\COMCTL32.dll
0x000007feffe00000 - 0x000007feffe71000 	C:\Windows\system32\SHLWAPI.dll
0x000007fefe4c0000 - 0x000007fefe4ee000 	C:\Windows\system32\IMM32.DLL
0x000007feff280000 - 0x000007feff389000 	C:\Windows\system32\MSCTF.dll
0x000000005b1d0000 - 0x000000005b2a2000 	C:\Program Files\Java\jdk1.7.0_45\jre\bin\msvcr100.dll
0x000000005d050000 - 0x000000005d819000 	C:\Program Files\Java\jdk1.7.0_45\jre\bin\server\jvm.dll
0x000007fef9e50000 - 0x000007fef9e59000 	C:\Windows\system32\WSOCK32.dll
0x000007fefdd00000 - 0x000007fefdd4d000 	C:\Windows\system32\WS2_32.dll
0x000007feff5d0000 - 0x000007feff5d8000 	C:\Windows\system32\NSI.dll
0x000007fefb6f0000 - 0x000007fefb72b000 	C:\Windows\system32\WINMM.dll
0x0000000077d30000 - 0x0000000077d37000 	C:\Windows\system32\PSAPI.DLL
0x0000000074460000 - 0x000000007446f000 	C:\Program Files\Java\jdk1.7.0_45\jre\bin\verify.dll
0x0000000065bb0000 - 0x0000000065bd8000 	C:\Program Files\Java\jdk1.7.0_45\jre\bin\java.dll
0x0000000072530000 - 0x0000000072545000 	C:\Program Files\Java\jdk1.7.0_45\jre\bin\zip.dll
0x000000006e690000 - 0x000000006e6a9000 	C:\Program Files\Java\jdk1.7.0_45\jre\bin\net.dll
0x000007fefd0d0000 - 0x000007fefd125000 	C:\Windows\system32\mswsock.dll
0x000007fefd0c0000 - 0x000007fefd0c7000 	C:\Windows\System32\wship6.dll
0x0000000065840000 - 0x0000000065851000 	C:\Program Files\Java\jdk1.7.0_45\jre\bin\nio.dll

VM Arguments:
jvm_args: -Xmx1024M -Dfile.encoding=windows-1252 -Duser.country=US -Duser.language=en -Duser.variant 
java_command: com.android.dx.command.Main --dex --output E:\SLIIT\Year 03\SEP-I\KnowYourDoctor_2015_05_09_Edited\KnowYourDoctor\app\build\intermediates\pre-dexed\debug\classes-8672aa47629192de5b705a02138c0c2a5ff6096a.jar E:\SLIIT\Year 03\SEP-I\KnowYourDoctor_2015_05_09_Edited\KnowYourDoctor\app\build\intermediates\exploded-aar\com.google.android.gms\play-services\6.5.87\classes.jar
Launcher Type: SUN_STANDARD

Environment Variables:
CLASSPATH=C:\Program Files\Java\jdk1.7.0_45\bin;C:\Program Files\Java\jdk1.7.0_45\bin;C:\Program Files\Java\jre7\lib\ext\QTJava.zip;
PATH=C:\ProgramData\Oracle\Java\javapath;C:\Program Files (x86)\PC Connectivity Solution\;C:\Program Files\Common Files\Microsoft Shared\Windows Live;C:\Program Files (x86)\NVIDIA Corporation\PhysX\Common;C:\Windows\system32;C:\Windows;C:\Windows\System32\Wbem;C:\Windows\System32\WindowsPowerShell\v1.0\;C:\Program Files\Internet Explorer;C:\Program Files (x86)\Microsoft SQL Server\100\Tools\Binn\;C:\Program Files\Microsoft SQL Server\100\Tools\Binn\;C:\Program Files\Microsoft SQL Server\100\DTS\Binn\;C:\Program Files (x86)\Microsoft SQL Server\100\Tools\Binn\VSShell\Common7\IDE\;C:\Program Files (x86)\Microsoft SQL Server\100\DTS\Binn\;C:\Program Files (x86)\Microsoft Visual Studio 9.0\Common7\IDE\PrivateAssemblies\;C:\Program Files\Java\jdk1.7.0_45\bin;C:\Program Files\Common Files\Autodesk Shared\;F:\Software\MySql\Installation\MySQL Utilities 1.3.6\;C:\Program Files (x86)\Windows Kits\8.1\Windows Performance Toolkit\;C:\Program Files\Microsoft SQL Server\110\Tools\Binn\;C:\Program Files (x86)\Skype\Phone\;F:\Software\OpenSSL X64\bin;C:\Program Files (x86)\Java\jre1.8.0_31\bin
USERNAME=Aden
OS=Windows_NT
PROCESSOR_IDENTIFIER=Intel64 Family 6 Model 42 Stepping 7, GenuineIntel



---------------  S Y S T E M  ---------------

OS: Windows 7 , 64 bit Build 7601 Service Pack 1

CPU:total 4 (2 cores per cpu, 2 threads per core) family 6 model 42 stepping 7, cmov, cx8, fxsr, mmx, sse, sse2, sse3, ssse3, sse4.1, sse4.2, popcnt, avx, ht, tsc, tscinvbit

Memory: 4k page, physical 7289792k(897720k free), swap 9098864k(5896k free)

vm_info: Java HotSpot(TM) 64-Bit Server VM (24.45-b08) for windows-amd64 JRE (1.7.0_45-b18), built on Oct  8 2013 05:47:22 by "java_re" with unknown MS VC++:1600

time: Sat May 09 22:02:20 2015
elapsed time: 63 seconds

